#
# There is insufficient memory for the Java Runtime Environment to continue.
# Native memory allocation (malloc) failed to allocate 348304 bytes for Chunk::new
# Possible reasons:
#   The system is out of physical RAM or swap space
#   The process is running with CompressedOops enabled, and the Java Heap may be blocking the growth of the native heap
# Possible solutions:
#   Reduce memory load on the system
#   Increase physical memory or swap space
#   Check if swap backing store is full
#   Decrease Java heap size (-Xmx/-Xms)
#   Decrease number of Java threads
#   Decrease Java thread stack sizes (-Xss)
#   Set larger code cache with -XX:ReservedCodeCacheSize=
#   JVM is running with Unscaled Compressed Oops mode in which the Java heap is
#     placed in the first 4GB address space. The Java Heap base address is the
#     maximum limit for the native heap growth. Please use -XX:HeapBaseMinAddress
#     to set the Java Heap base and to place the Java Heap above 4GB virtual address.
# This output file may be truncated or incomplete.
#
#  Out of Memory Error (arena.cpp:184), pid=27884, tid=39876
#
# JRE version: Java(TM) SE Runtime Environment (18.0+36) (build 18+36-2087)
# Java VM: Java HotSpot(TM) 64-Bit Server VM (18+36-2087, mixed mode, sharing, tiered, compressed oops, compressed class ptrs, g1 gc, windows-amd64)
# No core dump will be written. Minidumps are not enabled by default on client versions of Windows
#

---------------  S U M M A R Y ------------

Command Line: -ea -Dfile.encoding=UTF-8 -XX:+ShowCodeDetailsInExceptionMessages org.testng.remote.RemoteTestNG -serport 62440 -protocol json -d C:\Users\deniz\eclipse-workspace\PlaywrightPOMSeries\test-output C:\Users\deniz\AppData\Local\Temp\testng-eclipse--1174677671\testng-customsuite.xml

Host: Intel(R) Core(TM) i7-8565U CPU @ 1.80GHz, 8 cores, 7G,  Windows 11 , 64 bit Build 22000 (10.0.22000.708)
Time: Tue Jul  5 22:20:16 2022 Eastern Daylight Time elapsed time: 22.097509 seconds (0d 0h 0m 22s)

---------------  T H R E A D  ---------------

Current thread (0x000002d7e6b2bbf0):  JavaThread "C2 CompilerThread0" daemon [_thread_in_native, id=39876, stack(0x000000fdfac00000,0x000000fdfad00000)]


Current CompileTask:
C2:  22097 2383       4       com.google.gson.internal.bind.TypeAdapters$29::read (209 bytes)

Stack: [0x000000fdfac00000,0x000000fdfad00000]
Native frames: (J=compiled Java code, j=interpreted, Vv=VM code, C=native code)
V  [jvm.dll+0x69804a]
V  [jvm.dll+0x7f308d]
V  [jvm.dll+0x7f499e]
V  [jvm.dll+0x7f5053]
V  [jvm.dll+0x25ca3f]
V  [jvm.dll+0xb8c2f]
V  [jvm.dll+0xb8fa5]
V  [jvm.dll+0x1325ff]
V  [jvm.dll+0x625b42]
V  [jvm.dll+0x62a19c]
V  [jvm.dll+0x22fa98]
V  [jvm.dll+0x22eff1]
V  [jvm.dll+0x1b9cfc]
V  [jvm.dll+0x23e8ca]
V  [jvm.dll+0x23cbac]
V  [jvm.dll+0x7a5781]
V  [jvm.dll+0x79fbba]
V  [jvm.dll+0x696ef5]
C  [ucrtbase.dll+0x26c0c]
C  [KERNEL32.DLL+0x154e0]
C  [ntdll.dll+0x485b]


---------------  P R O C E S S  ---------------

Threads class SMR info:
_java_thread_list=0x000002d7eb78b550, length=15, elements={
0x000002d7c6ae2030, 0x000002d7e6aff1b0, 0x000002d7e6b025c0, 0x000002d7e6b1c2b0,
0x000002d7e6b1f320, 0x000002d7e6b21be0, 0x000002d7e6b281c0, 0x000002d7e6b2bbf0,
0x000002d7e6b2c890, 0x000002d7e6b400f0, 0x000002d7e6b26010, 0x000002d7e6b28690,
0x000002d7e6b25670, 0x000002d7e6b24cd0, 0x000002d7e6b27820
}

Java Threads: ( => current thread )
  0x000002d7c6ae2030 JavaThread "main" [_thread_blocked, id=36552, stack(0x000000fdf9f00000,0x000000fdfa000000)]
  0x000002d7e6aff1b0 JavaThread "Reference Handler" daemon [_thread_blocked, id=44272, stack(0x000000fdfa600000,0x000000fdfa700000)]
  0x000002d7e6b025c0 JavaThread "Finalizer" daemon [_thread_blocked, id=46592, stack(0x000000fdfa700000,0x000000fdfa800000)]
  0x000002d7e6b1c2b0 JavaThread "Signal Dispatcher" daemon [_thread_blocked, id=47604, stack(0x000000fdfa800000,0x000000fdfa900000)]
  0x000002d7e6b1f320 JavaThread "Attach Listener" daemon [_thread_blocked, id=34936, stack(0x000000fdfa900000,0x000000fdfaa00000)]
  0x000002d7e6b21be0 JavaThread "Service Thread" daemon [_thread_blocked, id=18176, stack(0x000000fdfaa00000,0x000000fdfab00000)]
  0x000002d7e6b281c0 JavaThread "Monitor Deflation Thread" daemon [_thread_blocked, id=28640, stack(0x000000fdfab00000,0x000000fdfac00000)]
=>0x000002d7e6b2bbf0 JavaThread "C2 CompilerThread0" daemon [_thread_in_native, id=39876, stack(0x000000fdfac00000,0x000000fdfad00000)]
  0x000002d7e6b2c890 JavaThread "C1 CompilerThread0" daemon [_thread_blocked, id=49732, stack(0x000000fdfad00000,0x000000fdfae00000)]
  0x000002d7e6b400f0 JavaThread "Sweeper thread" daemon [_thread_blocked, id=48732, stack(0x000000fdfae00000,0x000000fdfaf00000)]
  0x000002d7e6b26010 JavaThread "Notification Thread" daemon [_thread_blocked, id=43160, stack(0x000000fdfaf00000,0x000000fdfb000000)]
  0x000002d7e6b28690 JavaThread "Common-Cleaner" daemon [_thread_blocked, id=47848, stack(0x000000fdfb100000,0x000000fdfb200000)]
  0x000002d7e6b25670 JavaThread "ReaderThread" [_thread_in_native, id=42072, stack(0x000000fdfb300000,0x000000fdfb400000)]
  0x000002d7e6b24cd0 JavaThread "Thread-0" [_thread_in_native, id=43484, stack(0x000000fdfb400000,0x000000fdfb500000)]
  0x000002d7e6b27820 JavaThread "Thread-1" [_thread_blocked, id=49412, stack(0x000000fdfbd00000,0x000000fdfbe00000)]

Other Threads:
  0x000002d7e6afc050 VMThread "VM Thread" [stack: 0x000000fdfa500000,0x000000fdfa600000] [id=49268]
  0x000002d7eadabbf0 WatcherThread "VM Periodic Task Thread" [stack: 0x000000fdfb000000,0x000000fdfb100000] [id=47548]
  0x000002d7c6b44d90 WorkerThread "GC Thread#0" [stack: 0x000000fdfa000000,0x000000fdfa100000] [id=6180]
  0x000002d7eb7d5860 WorkerThread "GC Thread#1" [stack: 0x000000fdfb500000,0x000000fdfb600000] [id=49476]
  0x000002d7ebb55390 WorkerThread "GC Thread#2" [stack: 0x000000fdfb600000,0x000000fdfb700000] [id=45504]
  0x000002d7ebb55630 WorkerThread "GC Thread#3" [stack: 0x000000fdfb700000,0x000000fdfb800000] [id=13568]
  0x000002d7eb918c00 WorkerThread "GC Thread#4" [stack: 0x000000fdfb800000,0x000000fdfb900000] [id=45012]
  0x000002d7eb88d2c0 WorkerThread "GC Thread#5" [stack: 0x000000fdfb900000,0x000000fdfba00000] [id=44340]
  0x000002d7eb85a930 WorkerThread "GC Thread#6" [stack: 0x000000fdfba00000,0x000000fdfbb00000] [id=49728]
  0x000002d7eb85ba10 WorkerThread "GC Thread#7" [stack: 0x000000fdfbb00000,0x000000fdfbc00000] [id=46964]
  0x000002d7c6b55ea0 ConcurrentGCThread "G1 Main Marker" [stack: 0x000000fdfa100000,0x000000fdfa200000] [id=27212]
  0x000002d7c6b56890 WorkerThread "G1 Conc#0" [stack: 0x000000fdfa200000,0x000000fdfa300000] [id=42380]
  0x000002d7c6ba8350 ConcurrentGCThread "G1 Refine#0" [stack: 0x000000fdfa300000,0x000000fdfa400000] [id=35584]
  0x000002d7ebb55cd0 ConcurrentGCThread "G1 Refine#1" [stack: 0x000000fdfbc00000,0x000000fdfbd00000] [id=14716]
  0x000002d7c6ba8c60 ConcurrentGCThread "G1 Service" [stack: 0x000000fdfa400000,0x000000fdfa500000] [id=27080]

Threads with active compile tasks:
C2 CompilerThread0    22144 2383       4       com.google.gson.internal.bind.TypeAdapters$29::read (209 bytes)

VM state: not at safepoint (normal execution)

VM Mutex/Monitor currently owned by a thread: None

Heap address: 0x0000000082e00000, size: 2002 MB, Compressed Oops mode: 32-bit

CDS archive(s) mapped at: [0x0000000800000000-0x0000000800ba0000-0x0000000800ba0000), size 12189696, SharedBaseAddress: 0x0000000800000000, ArchiveRelocationMode: 0.
Compressed class space mapped at: 0x0000000800c00000-0x0000000840c00000, reserved size: 1073741824
Narrow klass base: 0x0000000800000000, Narrow klass shift: 0, Narrow klass range: 0x100000000

GC Precious Log:
 CardTable entry size: 512
 Card Set container configuration: InlinePtr #cards 5 size 8 Array Of Cards #cards 12 size 40 Howl #buckets 4 coarsen threshold 1843 Howl Bitmap #cards 512 size 80 coarsen threshold 460 Card regions per heap region 1 cards per card region 2048
 CPUs: 8 total, 8 available
 Memory: 8005M
 Large Page Support: Disabled
 NUMA Support: Disabled
 Compressed Oops: Enabled (32-bit)
 Heap Region Size: 1M
 Heap Min Capacity: 8M
 Heap Initial Capacity: 126M
 Heap Max Capacity: 2002M
 Pre-touch: Disabled
 Parallel Workers: 8
 Concurrent Workers: 2
 Concurrent Refinement Workers: 8
 Periodic GC: Disabled

Heap:
 garbage-first heap   total 129024K, used 12764K [0x0000000082e00000, 0x0000000100000000)
  region size 1024K, 9 young (9216K), 2 survivors (2048K)
 Metaspace       used 15012K, committed 15232K, reserved 1114112K
  class space    used 1599K, committed 1664K, reserved 1048576K

Heap Regions: E=young(eden), S=young(survivor), O=old, HS=humongous(starts), HC=humongous(continues), CS=collection set, F=free, OA=open archive, CA=closed archive, TAMS=top-at-mark-start (previous, next)
|   0|0x0000000082e00000, 0x0000000082f00000, 0x0000000082f00000|100%| O|  |TAMS 0x0000000082e00000, 0x0000000082e00000| Untracked 
|   1|0x0000000082f00000, 0x0000000083000000, 0x0000000083000000|100%| O|  |TAMS 0x0000000082f00000, 0x0000000082f00000| Untracked 
|   2|0x0000000083000000, 0x0000000083100000, 0x0000000083100000|100%| O|  |TAMS 0x0000000083000000, 0x0000000083000000| Untracked 
|   3|0x0000000083100000, 0x0000000083200000, 0x0000000083200000|100%| O|  |TAMS 0x0000000083100000, 0x0000000083100000| Untracked 
|   4|0x0000000083200000, 0x0000000083300000, 0x0000000083300000|100%| O|  |TAMS 0x0000000083200000, 0x0000000083200000| Untracked 
|   5|0x0000000083300000, 0x0000000083315400, 0x0000000083400000|  8%| O|  |TAMS 0x0000000083300000, 0x0000000083300000| Untracked 
|   6|0x0000000083400000, 0x0000000083400000, 0x0000000083500000|  0%| F|  |TAMS 0x0000000083400000, 0x0000000083400000| Untracked 
|   7|0x0000000083500000, 0x0000000083500000, 0x0000000083600000|  0%| F|  |TAMS 0x0000000083500000, 0x0000000083500000| Untracked 
|   8|0x0000000083600000, 0x0000000083600000, 0x0000000083700000|  0%| F|  |TAMS 0x0000000083600000, 0x0000000083600000| Untracked 
|   9|0x0000000083700000, 0x0000000083700000, 0x0000000083800000|  0%| F|  |TAMS 0x0000000083700000, 0x0000000083700000| Untracked 
|  10|0x0000000083800000, 0x0000000083800000, 0x0000000083900000|  0%| F|  |TAMS 0x0000000083800000, 0x0000000083800000| Untracked 
|  11|0x0000000083900000, 0x0000000083900000, 0x0000000083a00000|  0%| F|  |TAMS 0x0000000083900000, 0x0000000083900000| Untracked 
|  12|0x0000000083a00000, 0x0000000083a00000, 0x0000000083b00000|  0%| F|  |TAMS 0x0000000083a00000, 0x0000000083a00000| Untracked 
|  13|0x0000000083b00000, 0x0000000083b00000, 0x0000000083c00000|  0%| F|  |TAMS 0x0000000083b00000, 0x0000000083b00000| Untracked 
|  14|0x0000000083c00000, 0x0000000083c00000, 0x0000000083d00000|  0%| F|  |TAMS 0x0000000083c00000, 0x0000000083c00000| Untracked 
|  15|0x0000000083d00000, 0x0000000083d00000, 0x0000000083e00000|  0%| F|  |TAMS 0x0000000083d00000, 0x0000000083d00000| Untracked 
|  16|0x0000000083e00000, 0x0000000083e00000, 0x0000000083f00000|  0%| F|  |TAMS 0x0000000083e00000, 0x0000000083e00000| Untracked 
|  17|0x0000000083f00000, 0x0000000083f00000, 0x0000000084000000|  0%| F|  |TAMS 0x0000000083f00000, 0x0000000083f00000| Untracked 
|  18|0x0000000084000000, 0x0000000084000000, 0x0000000084100000|  0%| F|  |TAMS 0x0000000084000000, 0x0000000084000000| Untracked 
|  19|0x0000000084100000, 0x0000000084100000, 0x0000000084200000|  0%| F|  |TAMS 0x0000000084100000, 0x0000000084100000| Untracked 
|  20|0x0000000084200000, 0x0000000084200000, 0x0000000084300000|  0%| F|  |TAMS 0x0000000084200000, 0x0000000084200000| Untracked 
|  21|0x0000000084300000, 0x0000000084300000, 0x0000000084400000|  0%| F|  |TAMS 0x0000000084300000, 0x0000000084300000| Untracked 
|  22|0x0000000084400000, 0x0000000084400000, 0x0000000084500000|  0%| F|  |TAMS 0x0000000084400000, 0x0000000084400000| Untracked 
|  23|0x0000000084500000, 0x0000000084500000, 0x0000000084600000|  0%| F|  |TAMS 0x0000000084500000, 0x0000000084500000| Untracked 
|  24|0x0000000084600000, 0x0000000084600000, 0x0000000084700000|  0%| F|  |TAMS 0x0000000084600000, 0x0000000084600000| Untracked 
|  25|0x0000000084700000, 0x0000000084700000, 0x0000000084800000|  0%| F|  |TAMS 0x0000000084700000, 0x0000000084700000| Untracked 
|  26|0x0000000084800000, 0x0000000084800000, 0x0000000084900000|  0%| F|  |TAMS 0x0000000084800000, 0x0000000084800000| Untracked 
|  27|0x0000000084900000, 0x0000000084900000, 0x0000000084a00000|  0%| F|  |TAMS 0x0000000084900000, 0x0000000084900000| Untracked 
|  28|0x0000000084a00000, 0x0000000084a00000, 0x0000000084b00000|  0%| F|  |TAMS 0x0000000084a00000, 0x0000000084a00000| Untracked 
|  29|0x0000000084b00000, 0x0000000084b00000, 0x0000000084c00000|  0%| F|  |TAMS 0x0000000084b00000, 0x0000000084b00000| Untracked 
|  30|0x0000000084c00000, 0x0000000084c00000, 0x0000000084d00000|  0%| F|  |TAMS 0x0000000084c00000, 0x0000000084c00000| Untracked 
|  31|0x0000000084d00000, 0x0000000084d00000, 0x0000000084e00000|  0%| F|  |TAMS 0x0000000084d00000, 0x0000000084d00000| Untracked 
|  32|0x0000000084e00000, 0x0000000084e00000, 0x0000000084f00000|  0%| F|  |TAMS 0x0000000084e00000, 0x0000000084e00000| Untracked 
|  33|0x0000000084f00000, 0x0000000084f00000, 0x0000000085000000|  0%| F|  |TAMS 0x0000000084f00000, 0x0000000084f00000| Untracked 
|  34|0x0000000085000000, 0x0000000085000000, 0x0000000085100000|  0%| F|  |TAMS 0x0000000085000000, 0x0000000085000000| Untracked 
|  35|0x0000000085100000, 0x0000000085100000, 0x0000000085200000|  0%| F|  |TAMS 0x0000000085100000, 0x0000000085100000| Untracked 
|  36|0x0000000085200000, 0x0000000085200000, 0x0000000085300000|  0%| F|  |TAMS 0x0000000085200000, 0x0000000085200000| Untracked 
|  37|0x0000000085300000, 0x0000000085300000, 0x0000000085400000|  0%| F|  |TAMS 0x0000000085300000, 0x0000000085300000| Untracked 
|  38|0x0000000085400000, 0x0000000085400000, 0x0000000085500000|  0%| F|  |TAMS 0x0000000085400000, 0x0000000085400000| Untracked 
|  39|0x0000000085500000, 0x0000000085500000, 0x0000000085600000|  0%| F|  |TAMS 0x0000000085500000, 0x0000000085500000| Untracked 
|  40|0x0000000085600000, 0x0000000085600000, 0x0000000085700000|  0%| F|  |TAMS 0x0000000085600000, 0x0000000085600000| Untracked 
|  41|0x0000000085700000, 0x0000000085700000, 0x0000000085800000|  0%| F|  |TAMS 0x0000000085700000, 0x0000000085700000| Untracked 
|  42|0x0000000085800000, 0x0000000085800000, 0x0000000085900000|  0%| F|  |TAMS 0x0000000085800000, 0x0000000085800000| Untracked 
|  43|0x0000000085900000, 0x0000000085900000, 0x0000000085a00000|  0%| F|  |TAMS 0x0000000085900000, 0x0000000085900000| Untracked 
|  44|0x0000000085a00000, 0x0000000085a00000, 0x0000000085b00000|  0%| F|  |TAMS 0x0000000085a00000, 0x0000000085a00000| Untracked 
|  45|0x0000000085b00000, 0x0000000085b00000, 0x0000000085c00000|  0%| F|  |TAMS 0x0000000085b00000, 0x0000000085b00000| Untracked 
|  46|0x0000000085c00000, 0x0000000085c00000, 0x0000000085d00000|  0%| F|  |TAMS 0x0000000085c00000, 0x0000000085c00000| Untracked 
|  47|0x0000000085d00000, 0x0000000085d00000, 0x0000000085e00000|  0%| F|  |TAMS 0x0000000085d00000, 0x0000000085d00000| Untracked 
|  48|0x0000000085e00000, 0x0000000085e00000, 0x0000000085f00000|  0%| F|  |TAMS 0x0000000085e00000, 0x0000000085e00000| Untracked 
|  49|0x0000000085f00000, 0x0000000085f00000, 0x0000000086000000|  0%| F|  |TAMS 0x0000000085f00000, 0x0000000085f00000| Untracked 
|  50|0x0000000086000000, 0x0000000086000000, 0x0000000086100000|  0%| F|  |TAMS 0x0000000086000000, 0x0000000086000000| Untracked 
|  51|0x0000000086100000, 0x0000000086100000, 0x0000000086200000|  0%| F|  |TAMS 0x0000000086100000, 0x0000000086100000| Untracked 
|  52|0x0000000086200000, 0x0000000086200000, 0x0000000086300000|  0%| F|  |TAMS 0x0000000086200000, 0x0000000086200000| Untracked 
|  53|0x0000000086300000, 0x0000000086300000, 0x0000000086400000|  0%| F|  |TAMS 0x0000000086300000, 0x0000000086300000| Untracked 
|  54|0x0000000086400000, 0x0000000086400000, 0x0000000086500000|  0%| F|  |TAMS 0x0000000086400000, 0x0000000086400000| Untracked 
|  55|0x0000000086500000, 0x0000000086500000, 0x0000000086600000|  0%| F|  |TAMS 0x0000000086500000, 0x0000000086500000| Untracked 
|  56|0x0000000086600000, 0x0000000086600000, 0x0000000086700000|  0%| F|  |TAMS 0x0000000086600000, 0x0000000086600000| Untracked 
|  57|0x0000000086700000, 0x0000000086700000, 0x0000000086800000|  0%| F|  |TAMS 0x0000000086700000, 0x0000000086700000| Untracked 
|  58|0x0000000086800000, 0x0000000086800000, 0x0000000086900000|  0%| F|  |TAMS 0x0000000086800000, 0x0000000086800000| Untracked 
|  59|0x0000000086900000, 0x0000000086900000, 0x0000000086a00000|  0%| F|  |TAMS 0x0000000086900000, 0x0000000086900000| Untracked 
|  60|0x0000000086a00000, 0x0000000086a00000, 0x0000000086b00000|  0%| F|  |TAMS 0x0000000086a00000, 0x0000000086a00000| Untracked 
|  61|0x0000000086b00000, 0x0000000086b00000, 0x0000000086c00000|  0%| F|  |TAMS 0x0000000086b00000, 0x0000000086b00000| Untracked 
|  62|0x0000000086c00000, 0x0000000086c00000, 0x0000000086d00000|  0%| F|  |TAMS 0x0000000086c00000, 0x0000000086c00000| Untracked 
|  63|0x0000000086d00000, 0x0000000086d00000, 0x0000000086e00000|  0%| F|  |TAMS 0x0000000086d00000, 0x0000000086d00000| Untracked 
|  64|0x0000000086e00000, 0x0000000086e00000, 0x0000000086f00000|  0%| F|  |TAMS 0x0000000086e00000, 0x0000000086e00000| Untracked 
|  65|0x0000000086f00000, 0x0000000086f00000, 0x0000000087000000|  0%| F|  |TAMS 0x0000000086f00000, 0x0000000086f00000| Untracked 
|  66|0x0000000087000000, 0x0000000087000000, 0x0000000087100000|  0%| F|  |TAMS 0x0000000087000000, 0x0000000087000000| Untracked 
|  67|0x0000000087100000, 0x0000000087100000, 0x0000000087200000|  0%| F|  |TAMS 0x0000000087100000, 0x0000000087100000| Untracked 
|  68|0x0000000087200000, 0x0000000087200000, 0x0000000087300000|  0%| F|  |TAMS 0x0000000087200000, 0x0000000087200000| Untracked 
|  69|0x0000000087300000, 0x0000000087300000, 0x0000000087400000|  0%| F|  |TAMS 0x0000000087300000, 0x0000000087300000| Untracked 
|  70|0x0000000087400000, 0x0000000087400000, 0x0000000087500000|  0%| F|  |TAMS 0x0000000087400000, 0x0000000087400000| Untracked 
|  71|0x0000000087500000, 0x0000000087500000, 0x0000000087600000|  0%| F|  |TAMS 0x0000000087500000, 0x0000000087500000| Untracked 
|  72|0x0000000087600000, 0x0000000087600000, 0x0000000087700000|  0%| F|  |TAMS 0x0000000087600000, 0x0000000087600000| Untracked 
|  73|0x0000000087700000, 0x0000000087700000, 0x0000000087800000|  0%| F|  |TAMS 0x0000000087700000, 0x0000000087700000| Untracked 
|  74|0x0000000087800000, 0x0000000087800000, 0x0000000087900000|  0%| F|  |TAMS 0x0000000087800000, 0x0000000087800000| Untracked 
|  75|0x0000000087900000, 0x0000000087900000, 0x0000000087a00000|  0%| F|  |TAMS 0x0000000087900000, 0x0000000087900000| Untracked 
|  76|0x0000000087a00000, 0x0000000087a00000, 0x0000000087b00000|  0%| F|  |TAMS 0x0000000087a00000, 0x0000000087a00000| Untracked 
|  77|0x0000000087b00000, 0x0000000087b00000, 0x0000000087c00000|  0%| F|  |TAMS 0x0000000087b00000, 0x0000000087b00000| Untracked 
|  78|0x0000000087c00000, 0x0000000087c00000, 0x0000000087d00000|  0%| F|  |TAMS 0x0000000087c00000, 0x0000000087c00000| Untracked 
|  79|0x0000000087d00000, 0x0000000087d00000, 0x0000000087e00000|  0%| F|  |TAMS 0x0000000087d00000, 0x0000000087d00000| Untracked 
|  80|0x0000000087e00000, 0x0000000087e00000, 0x0000000087f00000|  0%| F|  |TAMS 0x0000000087e00000, 0x0000000087e00000| Untracked 
|  81|0x0000000087f00000, 0x0000000087f00000, 0x0000000088000000|  0%| F|  |TAMS 0x0000000087f00000, 0x0000000087f00000| Untracked 
|  82|0x0000000088000000, 0x0000000088000000, 0x0000000088100000|  0%| F|  |TAMS 0x0000000088000000, 0x0000000088000000| Untracked 
|  83|0x0000000088100000, 0x0000000088100000, 0x0000000088200000|  0%| F|  |TAMS 0x0000000088100000, 0x0000000088100000| Untracked 
|  84|0x0000000088200000, 0x0000000088200000, 0x0000000088300000|  0%| F|  |TAMS 0x0000000088200000, 0x0000000088200000| Untracked 
|  85|0x0000000088300000, 0x0000000088300000, 0x0000000088400000|  0%| F|  |TAMS 0x0000000088300000, 0x0000000088300000| Untracked 
|  86|0x0000000088400000, 0x0000000088400000, 0x0000000088500000|  0%| F|  |TAMS 0x0000000088400000, 0x0000000088400000| Untracked 
|  87|0x0000000088500000, 0x0000000088500000, 0x0000000088600000|  0%| F|  |TAMS 0x0000000088500000, 0x0000000088500000| Untracked 
|  88|0x0000000088600000, 0x0000000088600000, 0x0000000088700000|  0%| F|  |TAMS 0x0000000088600000, 0x0000000088600000| Untracked 
|  89|0x0000000088700000, 0x0000000088700000, 0x0000000088800000|  0%| F|  |TAMS 0x0000000088700000, 0x0000000088700000| Untracked 
|  90|0x0000000088800000, 0x0000000088800000, 0x0000000088900000|  0%| F|  |TAMS 0x0000000088800000, 0x0000000088800000| Untracked 
|  91|0x0000000088900000, 0x0000000088900000, 0x0000000088a00000|  0%| F|  |TAMS 0x0000000088900000, 0x0000000088900000| Untracked 
|  92|0x0000000088a00000, 0x0000000088a00000, 0x0000000088b00000|  0%| F|  |TAMS 0x0000000088a00000, 0x0000000088a00000| Untracked 
|  93|0x0000000088b00000, 0x0000000088b00000, 0x0000000088c00000|  0%| F|  |TAMS 0x0000000088b00000, 0x0000000088b00000| Untracked 
|  94|0x0000000088c00000, 0x0000000088c00000, 0x0000000088d00000|  0%| F|  |TAMS 0x0000000088c00000, 0x0000000088c00000| Untracked 
|  95|0x0000000088d00000, 0x0000000088d00000, 0x0000000088e00000|  0%| F|  |TAMS 0x0000000088d00000, 0x0000000088d00000| Untracked 
|  96|0x0000000088e00000, 0x0000000088e61e20, 0x0000000088f00000| 38%| S|CS|TAMS 0x0000000088e00000, 0x0000000088e00000| Complete 
|  97|0x0000000088f00000, 0x0000000089000000, 0x0000000089000000|100%| S|CS|TAMS 0x0000000088f00000, 0x0000000088f00000| Complete 
|  98|0x0000000089000000, 0x0000000089000000, 0x0000000089100000|  0%| F|  |TAMS 0x0000000089000000, 0x0000000089000000| Untracked 
|  99|0x0000000089100000, 0x0000000089100000, 0x0000000089200000|  0%| F|  |TAMS 0x0000000089100000, 0x0000000089100000| Untracked 
| 100|0x0000000089200000, 0x0000000089200000, 0x0000000089300000|  0%| F|  |TAMS 0x0000000089200000, 0x0000000089200000| Untracked 
| 101|0x0000000089300000, 0x0000000089300000, 0x0000000089400000|  0%| F|  |TAMS 0x0000000089300000, 0x0000000089300000| Untracked 
| 102|0x0000000089400000, 0x0000000089400000, 0x0000000089500000|  0%| F|  |TAMS 0x0000000089400000, 0x0000000089400000| Untracked 
| 103|0x0000000089500000, 0x0000000089500000, 0x0000000089600000|  0%| F|  |TAMS 0x0000000089500000, 0x0000000089500000| Untracked 
| 104|0x0000000089600000, 0x0000000089600000, 0x0000000089700000|  0%| F|  |TAMS 0x0000000089600000, 0x0000000089600000| Untracked 
| 105|0x0000000089700000, 0x0000000089700000, 0x0000000089800000|  0%| F|  |TAMS 0x0000000089700000, 0x0000000089700000| Untracked 
| 106|0x0000000089800000, 0x0000000089800000, 0x0000000089900000|  0%| F|  |TAMS 0x0000000089800000, 0x0000000089800000| Untracked 
| 107|0x0000000089900000, 0x0000000089900000, 0x0000000089a00000|  0%| F|  |TAMS 0x0000000089900000, 0x0000000089900000| Untracked 
| 108|0x0000000089a00000, 0x0000000089a00000, 0x0000000089b00000|  0%| F|  |TAMS 0x0000000089a00000, 0x0000000089a00000| Untracked 
| 109|0x0000000089b00000, 0x0000000089b00000, 0x0000000089c00000|  0%| F|  |TAMS 0x0000000089b00000, 0x0000000089b00000| Untracked 
| 110|0x0000000089c00000, 0x0000000089c00000, 0x0000000089d00000|  0%| F|  |TAMS 0x0000000089c00000, 0x0000000089c00000| Untracked 
| 111|0x0000000089d00000, 0x0000000089d00000, 0x0000000089e00000|  0%| F|  |TAMS 0x0000000089d00000, 0x0000000089d00000| Untracked 
| 112|0x0000000089e00000, 0x0000000089e00000, 0x0000000089f00000|  0%| F|  |TAMS 0x0000000089e00000, 0x0000000089e00000| Untracked 
| 113|0x0000000089f00000, 0x0000000089f00000, 0x000000008a000000|  0%| F|  |TAMS 0x0000000089f00000, 0x0000000089f00000| Untracked 
| 114|0x000000008a000000, 0x000000008a000000, 0x000000008a100000|  0%| F|  |TAMS 0x000000008a000000, 0x000000008a000000| Untracked 
| 115|0x000000008a100000, 0x000000008a100000, 0x000000008a200000|  0%| F|  |TAMS 0x000000008a100000, 0x000000008a100000| Untracked 
| 116|0x000000008a200000, 0x000000008a200000, 0x000000008a300000|  0%| F|  |TAMS 0x000000008a200000, 0x000000008a200000| Untracked 
| 117|0x000000008a300000, 0x000000008a300000, 0x000000008a400000|  0%| F|  |TAMS 0x000000008a300000, 0x000000008a300000| Untracked 
| 118|0x000000008a400000, 0x000000008a400000, 0x000000008a500000|  0%| F|  |TAMS 0x000000008a400000, 0x000000008a400000| Untracked 
| 119|0x000000008a500000, 0x000000008a5fd1a0, 0x000000008a600000| 98%| E|  |TAMS 0x000000008a500000, 0x000000008a500000| Complete 
| 120|0x000000008a600000, 0x000000008a700000, 0x000000008a700000|100%| E|CS|TAMS 0x000000008a600000, 0x000000008a600000| Complete 
| 121|0x000000008a700000, 0x000000008a800000, 0x000000008a800000|100%| E|CS|TAMS 0x000000008a700000, 0x000000008a700000| Complete 
| 122|0x000000008a800000, 0x000000008a900000, 0x000000008a900000|100%| E|CS|TAMS 0x000000008a800000, 0x000000008a800000| Complete 
| 123|0x000000008a900000, 0x000000008aa00000, 0x000000008aa00000|100%| E|CS|TAMS 0x000000008a900000, 0x000000008a900000| Complete 
| 124|0x000000008aa00000, 0x000000008ab00000, 0x000000008ab00000|100%| E|CS|TAMS 0x000000008aa00000, 0x000000008aa00000| Complete 
| 125|0x000000008ab00000, 0x000000008ac00000, 0x000000008ac00000|100%| E|CS|TAMS 0x000000008ab00000, 0x000000008ab00000| Complete 

Card table byte_map: [0x000002d7dfa20000,0x000002d7dfe10000] _byte_map_base: 0x000002d7df609000

Marking Bits (Prev, Next): (CMBitMap*) 0x000002d7c6b45390, (CMBitMap*) 0x000002d7c6b453d0
 Prev Bits: [0x000002d7e0200000, 0x000002d7e2148000)
 Next Bits: [0x000002d7e2150000, 0x000002d7e4098000)

Polling page: 0x000002d7c6890000

Metaspace:

Usage:
  Non-class:     13.10 MB used.
      Class:      1.56 MB used.
       Both:     14.66 MB used.

Virtual space:
  Non-class space:       64.00 MB reserved,      13.25 MB ( 21%) committed,  1 nodes.
      Class space:        1.00 GB reserved,       1.62 MB ( <1%) committed,  1 nodes.
             Both:        1.06 GB reserved,      14.88 MB (  1%) committed. 

Chunk freelists:
   Non-Class:  2.62 MB
       Class:  2.38 MB
        Both:  5.00 MB

MaxMetaspaceSize: unlimited
CompressedClassSpaceSize: 1.00 GB
Initial GC threshold: 21.00 MB
Current GC threshold: 21.00 MB
CDS: on
MetaspaceReclaimPolicy: balanced
 - commit_granule_bytes: 65536.
 - commit_granule_words: 8192.
 - virtual_space_node_default_size: 8388608.
 - enlarge_chunks_in_place: 1.
 - new_chunks_are_fully_committed: 0.
 - uncommit_free_chunks: 1.
 - use_allocation_guard: 0.


Internal statistics:

num_allocs_failed_limit: 0.
num_arena_births: 134.
num_arena_deaths: 0.
num_vsnodes_births: 2.
num_vsnodes_deaths: 0.
num_space_committed: 238.
num_space_uncommitted: 0.
num_chunks_returned_to_freelist: 0.
num_chunks_taken_from_freelist: 337.
num_chunk_merges: 0.
num_chunk_splits: 233.
num_chunks_enlarged: 184.
num_inconsistent_stats: 0.

CodeHeap 'non-profiled nmethods': size=120000Kb used=798Kb max_used=798Kb free=119201Kb
 bounds [0x000002d7d7690000, 0x000002d7d7900000, 0x000002d7debc0000]
CodeHeap 'profiled nmethods': size=120000Kb used=4791Kb max_used=4791Kb free=115208Kb
 bounds [0x000002d7d0160000, 0x000002d7d0610000, 0x000002d7d7690000]
CodeHeap 'non-nmethods': size=5760Kb used=1241Kb max_used=1272Kb free=4518Kb
 bounds [0x000002d7cfbc0000, 0x000002d7cfe30000, 0x000002d7d0160000]
 total_blobs=2921 nmethods=2392 adapters=441
 compilation: enabled
              stopped_count=0, restarted_count=0
 full_count=0

Compilation events (20 events):
Event: 21.893 Thread 0x000002d7e6b2c890 2386       3       com.google.gson.reflect.TypeToken::get (9 bytes)
Event: 21.893 Thread 0x000002d7e6b2c890 nmethod 2386 0x000002d7d0606190 code [0x000002d7d0606340, 0x000002d7d06064c8]
Event: 21.893 Thread 0x000002d7e6b2bbf0 nmethod 2379 0x000002d7d7757690 code [0x000002d7d7757800, 0x000002d7d7757938]
Event: 21.893 Thread 0x000002d7e6b2bbf0 2383       4       com.google.gson.internal.bind.TypeAdapters$29::read (209 bytes)
Event: 21.895 Thread 0x000002d7e6b2c890 2387       3       com.google.gson.stream.JsonReader::<init> (111 bytes)
Event: 21.896 Thread 0x000002d7e6b2c890 nmethod 2387 0x000002d7d0606590 code [0x000002d7d0606760, 0x000002d7d0606e68]
Event: 21.896 Thread 0x000002d7e6b2c890 2388   !   3       java.io.StringReader::read (105 bytes)
Event: 21.897 Thread 0x000002d7e6b2c890 nmethod 2388 0x000002d7d0607010 code [0x000002d7d0607240, 0x000002d7d06079e8]
Event: 21.897 Thread 0x000002d7e6b2c890 2390       3       com.google.gson.internal.bind.TypeAdapterRuntimeTypeWrapper::read (9 bytes)
Event: 21.897 Thread 0x000002d7e6b2c890 nmethod 2390 0x000002d7d0607e10 code [0x000002d7d0607fc0, 0x000002d7d0608188]
Event: 21.897 Thread 0x000002d7e6b2c890 2389       3       java.io.StringReader::ensureOpen (18 bytes)
Event: 21.897 Thread 0x000002d7e6b2c890 nmethod 2389 0x000002d7d0608290 code [0x000002d7d0608440, 0x000002d7d0608648]
Event: 21.898 Thread 0x000002d7e6b2c890 2392       3       com.google.gson.stream.JsonReader::peekKeyword (235 bytes)
Event: 21.899 Thread 0x000002d7e6b2c890 nmethod 2392 0x000002d7d0608710 code [0x000002d7d0608a00, 0x000002d7d0609c48]
Event: 21.899 Thread 0x000002d7e6b2c890 2393       3       com.google.gson.stream.JsonReader::isLiteral (148 bytes)
Event: 21.900 Thread 0x000002d7e6b2c890 nmethod 2393 0x000002d7d060a310 code [0x000002d7d060a540, 0x000002d7d060ad98]
Event: 21.903 Thread 0x000002d7e6b2c890 2394       3       com.microsoft.playwright.impl.Serialization::gson (4 bytes)
Event: 21.903 Thread 0x000002d7e6b2c890 nmethod 2394 0x000002d7d060b010 code [0x000002d7d060b1a0, 0x000002d7d060b298]
Event: 21.903 Thread 0x000002d7e6b2c890 2395       3       com.google.gson.JsonObject::get (12 bytes)
Event: 21.904 Thread 0x000002d7e6b2c890 nmethod 2395 0x000002d7d060b310 code [0x000002d7d060b4e0, 0x000002d7d060b8c8]

GC Heap History (4 events):
Event: 5.857 GC heap before
{Heap before GC invocations=0 (full 0):
 garbage-first heap   total 129024K, used 22528K [0x0000000082e00000, 0x0000000100000000)
  region size 1024K, 23 young (23552K), 0 survivors (0K)
 Metaspace       used 11503K, committed 11712K, reserved 1114112K
  class space    used 1237K, committed 1344K, reserved 1048576K
}
Event: 5.864 GC heap after
{Heap after GC invocations=1 (full 0):
 garbage-first heap   total 129024K, used 5021K [0x0000000082e00000, 0x0000000100000000)
  region size 1024K, 3 young (3072K), 3 survivors (3072K)
 Metaspace       used 11503K, committed 11712K, reserved 1114112K
  class space    used 1237K, committed 1344K, reserved 1048576K
}
Event: 13.995 GC heap before
{Heap before GC invocations=1 (full 0):
 garbage-first heap   total 129024K, used 30621K [0x0000000082e00000, 0x0000000100000000)
  region size 1024K, 28 young (28672K), 3 survivors (3072K)
 Metaspace       used 13672K, committed 13888K, reserved 1114112K
  class space    used 1445K, committed 1536K, reserved 1048576K
}
Event: 14.001 GC heap after
{Heap after GC invocations=2 (full 0):
 garbage-first heap   total 129024K, used 6620K [0x0000000082e00000, 0x0000000100000000)
  region size 1024K, 2 young (2048K), 2 survivors (2048K)
 Metaspace       used 13672K, committed 13888K, reserved 1114112K
  class space    used 1445K, committed 1536K, reserved 1048576K
}

Deoptimization events (20 events):
Event: 14.890 Thread 0x000002d7c6ae2030 Uncommon trap: trap_request=0xffffffde fr.pc=0x000002d7d76c8244 relative=0x0000000000000ea4
Event: 14.890 Thread 0x000002d7c6ae2030 Uncommon trap: reason=class_check action=maybe_recompile pc=0x000002d7d76c8244 method=java.util.concurrent.ConcurrentHashMap.putVal(Ljava/lang/Object;Ljava/lang/Object;Z)Ljava/lang/Object; @ 242 c2
Event: 14.890 Thread 0x000002d7c6ae2030 DEOPT PACKING pc=0x000002d7d76c8244 sp=0x000000fdf9ffd7e0
Event: 14.890 Thread 0x000002d7c6ae2030 DEOPT UNPACKING pc=0x000002d7cfc123a3 sp=0x000000fdf9ffd750 mode 2
Event: 14.890 Thread 0x000002d7c6ae2030 Uncommon trap: trap_request=0xffffffde fr.pc=0x000002d7d76c8244 relative=0x0000000000000ea4
Event: 14.890 Thread 0x000002d7c6ae2030 Uncommon trap: reason=class_check action=maybe_recompile pc=0x000002d7d76c8244 method=java.util.concurrent.ConcurrentHashMap.putVal(Ljava/lang/Object;Ljava/lang/Object;Z)Ljava/lang/Object; @ 242 c2
Event: 14.890 Thread 0x000002d7c6ae2030 DEOPT PACKING pc=0x000002d7d76c8244 sp=0x000000fdf9ffdae0
Event: 14.890 Thread 0x000002d7c6ae2030 DEOPT UNPACKING pc=0x000002d7cfc123a3 sp=0x000000fdf9ffda50 mode 2
Event: 20.302 Thread 0x000002d7e6b24cd0 Uncommon trap: trap_request=0xffffff45 fr.pc=0x000002d7d774ae9c relative=0x0000000000000a9c
Event: 20.302 Thread 0x000002d7e6b24cd0 Uncommon trap: reason=unstable_if action=reinterpret pc=0x000002d7d774ae9c method=com.google.gson.stream.JsonReader.nextQuotedValue(C)Ljava/lang/String; @ 96 c2
Event: 20.302 Thread 0x000002d7e6b24cd0 DEOPT PACKING pc=0x000002d7d774ae9c sp=0x000000fdfb4fe640
Event: 20.302 Thread 0x000002d7e6b24cd0 DEOPT UNPACKING pc=0x000002d7cfc123a3 sp=0x000000fdfb4fe5e8 mode 2
Event: 20.305 Thread 0x000002d7c6ae2030 Uncommon trap: trap_request=0xffffffde fr.pc=0x000002d7d770751c relative=0x0000000000000a5c
Event: 20.305 Thread 0x000002d7c6ae2030 Uncommon trap: reason=class_check action=maybe_recompile pc=0x000002d7d770751c method=java.util.HashMap.putVal(ILjava/lang/Object;Ljava/lang/Object;ZZ)Ljava/lang/Object; @ 91 c2
Event: 20.305 Thread 0x000002d7c6ae2030 DEOPT PACKING pc=0x000002d7d770751c sp=0x000000fdf9ffdc30
Event: 20.305 Thread 0x000002d7c6ae2030 DEOPT UNPACKING pc=0x000002d7cfc123a3 sp=0x000000fdf9ffdbd0 mode 2
Event: 20.305 Thread 0x000002d7c6ae2030 Uncommon trap: trap_request=0xffffffde fr.pc=0x000002d7d76c8244 relative=0x0000000000000ea4
Event: 20.305 Thread 0x000002d7c6ae2030 Uncommon trap: reason=class_check action=maybe_recompile pc=0x000002d7d76c8244 method=java.util.concurrent.ConcurrentHashMap.putVal(Ljava/lang/Object;Ljava/lang/Object;Z)Ljava/lang/Object; @ 242 c2
Event: 20.305 Thread 0x000002d7c6ae2030 DEOPT PACKING pc=0x000002d7d76c8244 sp=0x000000fdf9ffdd50
Event: 20.305 Thread 0x000002d7c6ae2030 DEOPT UNPACKING pc=0x000002d7cfc123a3 sp=0x000000fdf9ffdcc0 mode 2

Classes loaded (20 events):
Event: 10.710 Loading class sun/security/ssl/Alert$Level
Event: 10.710 Loading class sun/security/ssl/Alert$Level done
Event: 13.964 Loading class java/lang/Process$PipeInputStream
Event: 13.965 Loading class java/lang/Process$PipeInputStream done
Event: 14.012 Loading class java/util/concurrent/ArrayBlockingQueue
Event: 14.012 Loading class java/util/concurrent/ArrayBlockingQueue done
Event: 14.018 Loading class java/util/concurrent/locks/AbstractQueuedSynchronizer$ConditionNode
Event: 14.018 Loading class java/util/concurrent/locks/AbstractQueuedSynchronizer$Node
Event: 14.018 Loading class java/util/concurrent/locks/AbstractQueuedSynchronizer$Node done
Event: 14.018 Loading class java/util/concurrent/locks/AbstractQueuedSynchronizer$ConditionNode done
Event: 14.093 Loading class java/util/concurrent/locks/AbstractQueuedSynchronizer$ExclusiveNode
Event: 14.094 Loading class java/util/concurrent/locks/AbstractQueuedSynchronizer$ExclusiveNode done
Event: 19.196 Loading class java/net/MalformedURLException
Event: 19.209 Loading class java/net/MalformedURLException done
Event: 20.258 Loading class jdk/internal/vm/annotation/ForceInline
Event: 20.258 Loading class jdk/internal/vm/annotation/ForceInline done
Event: 21.194 Loading class jdk/internal/math/FDBigInteger
Event: 21.195 Loading class jdk/internal/math/FDBigInteger done
Event: 21.196 Loading class jdk/internal/reflect/MethodHandleDoubleFieldAccessorImpl
Event: 21.197 Loading class jdk/internal/reflect/MethodHandleDoubleFieldAccessorImpl done

Classes unloaded (0 events):
No events

Classes redefined (0 events):
No events

Internal exceptions (20 events):
Event: 8.164 Thread 0x000002d7c6ae2030 Exception <a 'sun/nio/fs/WindowsException'{0x0000000089106e68}> (0x0000000089106e68) 
thrown [t:\workspace\open\src\hotspot\share\prims\jni.cpp, line 516]
Event: 8.164 Thread 0x000002d7c6ae2030 Exception <a 'sun/nio/fs/WindowsException'{0x00000000891071e0}> (0x00000000891071e0) 
thrown [t:\workspace\open\src\hotspot\share\prims\jni.cpp, line 516]
Event: 8.165 Thread 0x000002d7c6ae2030 Exception <a 'sun/nio/fs/WindowsException'{0x000000008910b468}> (0x000000008910b468) 
thrown [t:\workspace\open\src\hotspot\share\prims\jni.cpp, line 516]
Event: 8.165 Thread 0x000002d7c6ae2030 Exception <a 'sun/nio/fs/WindowsException'{0x000000008910b7f8}> (0x000000008910b7f8) 
thrown [t:\workspace\open\src\hotspot\share\prims\jni.cpp, line 516]
Event: 8.167 Thread 0x000002d7c6ae2030 Exception <a 'sun/nio/fs/WindowsException'{0x0000000089112f40}> (0x0000000089112f40) 
thrown [t:\workspace\open\src\hotspot\share\prims\jni.cpp, line 516]
Event: 8.167 Thread 0x000002d7c6ae2030 Exception <a 'sun/nio/fs/WindowsException'{0x00000000891132d0}> (0x00000000891132d0) 
thrown [t:\workspace\open\src\hotspot\share\prims\jni.cpp, line 516]
Event: 8.170 Thread 0x000002d7c6ae2030 Exception <a 'sun/nio/fs/WindowsException'{0x0000000089118018}> (0x0000000089118018) 
thrown [t:\workspace\open\src\hotspot\share\prims\jni.cpp, line 516]
Event: 8.170 Thread 0x000002d7c6ae2030 Exception <a 'sun/nio/fs/WindowsException'{0x00000000891183c8}> (0x00000000891183c8) 
thrown [t:\workspace\open\src\hotspot\share\prims\jni.cpp, line 516]
Event: 8.171 Thread 0x000002d7c6ae2030 Exception <a 'sun/nio/fs/WindowsException'{0x000000008911cea0}> (0x000000008911cea0) 
thrown [t:\workspace\open\src\hotspot\share\prims\jni.cpp, line 516]
Event: 8.171 Thread 0x000002d7c6ae2030 Exception <a 'sun/nio/fs/WindowsException'{0x000000008911d220}> (0x000000008911d220) 
thrown [t:\workspace\open\src\hotspot\share\prims\jni.cpp, line 516]
Event: 8.212 Thread 0x000002d7c6ae2030 Exception <a 'java/lang/NoSuchMethodError'{0x000000008912eb28}: 'void java.lang.invoke.DirectMethodHandle$Holder.invokeStatic(java.lang.Object, long)'> (0x000000008912eb28) 
thrown [t:\workspace\open\src\hotspot\share\interpreter\linkResolver.cpp, line 766]
Event: 8.213 Thread 0x000002d7c6ae2030 Exception <a 'java/lang/NoSuchMethodError'{0x0000000089134188}: 'java.lang.Object java.lang.invoke.DirectMethodHandle$Holder.newInvokeSpecial(java.lang.Object, long)'> (0x0000000089134188) 
thrown [t:\workspace\open\src\hotspot\share\interpreter\linkResolver.cpp, line 766]
Event: 8.214 Thread 0x000002d7c6ae2030 Exception <a 'java/lang/NoSuchMethodError'{0x000000008913e5e8}: 'java.lang.Object java.lang.invoke.DirectMethodHandle$Holder.invokeStaticInit(java.lang.Object, java.lang.Object, long, java.lang.Object)'> (0x000000008913e5e8) 
thrown [t:\workspace\open\src\hotspot\share\interpreter\linkResolver.cpp, line 766]
Event: 8.214 Thread 0x000002d7c6ae2030 Exception <a 'java/lang/NoSuchMethodError'{0x0000000089144be8}: 'java.lang.Object java.lang.invoke.DirectMethodHandle$Holder.newInvokeSpecial(java.lang.Object, java.lang.Object, long)'> (0x0000000089144be8) 
thrown [t:\workspace\open\src\hotspot\share\interpreter\linkResolver.cpp, line 766]
Event: 8.215 Thread 0x000002d7c6ae2030 Exception <a 'java/lang/NoSuchMethodError'{0x0000000089148760}: 'java.lang.Object java.lang.invoke.Invokers$Holder.linkToTargetMethod(java.lang.Object, long, java.lang.Object)'> (0x0000000089148760) 
thrown [t:\workspace\open\src\hotspot\share\interpreter\linkResolver.cpp, line 766]
Event: 10.710 Thread 0x000002d7e6b25b40 Implicit null exception at 0x000002d7d7717186 to 0x000002d7d771749c
Event: 14.877 Thread 0x000002d7e6b24cd0 Implicit null exception at 0x000002d7d7714594 to 0x000002d7d7714668
Event: 14.908 Thread 0x000002d7c6ae2030 Exception <a 'java/lang/NoSuchMethodError'{0x000000008a85c410}: 'void java.lang.invoke.DirectMethodHandle$Holder.invokeStatic(java.lang.Object, java.lang.Object, java.lang.Object)'> (0x000000008a85c410) 
thrown [t:\workspace\open\src\hotspot\share\interpreter\linkResolver.cpp, line 766]
Event: 21.200 Thread 0x000002d7c6ae2030 Exception <a 'java/lang/NoSuchMethodError'{0x000000008a7d9dc0}: 'double java.lang.invoke.DelegatingMethodHandle$Holder.reinvoke_L(java.lang.Object, java.lang.Object)'> (0x000000008a7d9dc0) 
thrown [t:\workspace\open\src\hotspot\share\interpreter\linkResolver.cpp, line 766]
Event: 21.204 Thread 0x000002d7c6ae2030 Exception <a 'java/lang/NoSuchMethodError'{0x000000008a7e48b0}: 'void java.lang.invoke.DelegatingMethodHandle$Holder.reinvoke_L(java.lang.Object, java.lang.Object, double)'> (0x000000008a7e48b0) 
thrown [t:\workspace\open\src\hotspot\share\interpreter\linkResolver.cpp, line 766]

VM Operations (20 events):
Event: 8.978 Executing VM operation: Cleanup
Event: 8.978 Executing VM operation: Cleanup done
Event: 11.005 Executing VM operation: Cleanup
Event: 11.006 Executing VM operation: Cleanup done
Event: 13.995 Executing VM operation: G1CollectForAllocation
Event: 14.001 Executing VM operation: G1CollectForAllocation done
Event: 15.011 Executing VM operation: Cleanup
Event: 15.011 Executing VM operation: Cleanup done
Event: 17.028 Executing VM operation: Cleanup
Event: 17.029 Executing VM operation: Cleanup done
Event: 18.043 Executing VM operation: Cleanup
Event: 18.043 Executing VM operation: Cleanup done
Event: 19.045 Executing VM operation: Cleanup
Event: 19.045 Executing VM operation: Cleanup done
Event: 20.060 Executing VM operation: Cleanup
Event: 20.060 Executing VM operation: Cleanup done
Event: 21.074 Executing VM operation: Cleanup
Event: 21.074 Executing VM operation: Cleanup done
Event: 22.084 Executing VM operation: Cleanup
Event: 22.084 Executing VM operation: Cleanup done

Events (20 events):
Event: 0.057 Thread 0x000002d7e6b1f320 Thread added: 0x000002d7e6b1f320
Event: 0.058 Thread 0x000002d7e6b21be0 Thread added: 0x000002d7e6b21be0
Event: 0.058 Thread 0x000002d7e6b281c0 Thread added: 0x000002d7e6b281c0
Event: 0.058 Thread 0x000002d7e6b2bbf0 Thread added: 0x000002d7e6b2bbf0
Event: 0.058 Thread 0x000002d7e6b2c890 Thread added: 0x000002d7e6b2c890
Event: 0.058 Thread 0x000002d7e6b400f0 Thread added: 0x000002d7e6b400f0
Event: 0.088 Thread 0x000002d7e6b26010 Thread added: 0x000002d7e6b26010
Event: 0.092 Thread 0x000002d7e6b28690 Thread added: 0x000002d7e6b28690
Event: 0.097 Loaded shared library C:\Program Files\Java\jdk-18\bin\net.dll
Event: 0.100 Loaded shared library C:\Program Files\Java\jdk-18\bin\nio.dll
Event: 0.108 Loaded shared library C:\Program Files\Java\jdk-18\bin\zip.dll
Event: 0.283 Loaded shared library C:\Program Files\Java\jdk-18\bin\jimage.dll
Event: 4.464 Thread 0x000002d7e6b25670 Thread added: 0x000002d7e6b25670
Event: 4.588 Loaded shared library C:\Program Files\Java\jdk-18\bin\sunmscapi.dll
Event: 5.678 Thread 0x000002d7e6b24cd0 Thread added: 0x000002d7e6b24cd0
Event: 5.680 Thread 0x000002d7e6b24cd0 Thread exited: 0x000002d7e6b24cd0
Event: 5.704 Thread 0x000002d7e6b25b40 Thread added: 0x000002d7e6b25b40
Event: 10.711 Thread 0x000002d7e6b25b40 Thread exited: 0x000002d7e6b25b40
Event: 14.014 Thread 0x000002d7e6b24cd0 Thread added: 0x000002d7e6b24cd0
Event: 14.016 Thread 0x000002d7e6b27820 Thread added: 0x000002d7e6b27820


Dynamic libraries:
0x00007ff71c5c0000 - 0x00007ff71c5d0000 	C:\Program Files\Java\jdk-18\bin\javaw.exe
0x00007ffdc8cc0000 - 0x00007ffdc8ec9000 	C:\WINDOWS\SYSTEM32\ntdll.dll
0x00007ffdc7b40000 - 0x00007ffdc7bfd000 	C:\WINDOWS\System32\KERNEL32.DLL
0x00007ffdc61d0000 - 0x00007ffdc6549000 	C:\WINDOWS\System32\KERNELBASE.dll
0x00007ffdc69b0000 - 0x00007ffdc6ac1000 	C:\WINDOWS\System32\ucrtbase.dll
0x00007ffdbeab0000 - 0x00007ffdbeac8000 	C:\Program Files\Java\jdk-18\bin\jli.dll
0x00007ffdbeb00000 - 0x00007ffdbeb1a000 	C:\Program Files\Java\jdk-18\bin\VCRUNTIME140.dll
0x00007ffdc7c60000 - 0x00007ffdc7d0e000 	C:\WINDOWS\System32\ADVAPI32.dll
0x00007ffdc7520000 - 0x00007ffdc75c3000 	C:\WINDOWS\System32\msvcrt.dll
0x00007ffdc80d0000 - 0x00007ffdc816e000 	C:\WINDOWS\System32\sechost.dll
0x00007ffdc7e10000 - 0x00007ffdc7f30000 	C:\WINDOWS\System32\RPCRT4.dll
0x00007ffdc7690000 - 0x00007ffdc783c000 	C:\WINDOWS\System32\USER32.dll
0x00007ffdc61a0000 - 0x00007ffdc61c6000 	C:\WINDOWS\System32\win32u.dll
0x00007ffdae380000 - 0x00007ffdae625000 	C:\WINDOWS\WinSxS\amd64_microsoft.windows.common-controls_6595b64144ccf1df_6.0.22000.120_none_9d947278b86cc467\COMCTL32.dll
0x00007ffdc8180000 - 0x00007ffdc81a9000 	C:\WINDOWS\System32\GDI32.dll
0x00007ffdc6550000 - 0x00007ffdc6662000 	C:\WINDOWS\System32\gdi32full.dll
0x00007ffdc6850000 - 0x00007ffdc68ed000 	C:\WINDOWS\System32\msvcp_win.dll
0x00007ffdbe7a0000 - 0x00007ffdbe7aa000 	C:\WINDOWS\SYSTEM32\VERSION.dll
0x00007ffdc75d0000 - 0x00007ffdc7601000 	C:\WINDOWS\System32\IMM32.DLL
0x00007ffdbfa90000 - 0x00007ffdbfa9c000 	C:\Program Files\Java\jdk-18\bin\vcruntime140_1.dll
0x00007ffd9fc70000 - 0x00007ffd9fcfd000 	C:\Program Files\Java\jdk-18\bin\msvcp140.dll
0x00007ffd1b420000 - 0x00007ffd1c031000 	C:\Program Files\Java\jdk-18\bin\server\jvm.dll
0x00007ffdc6d20000 - 0x00007ffdc6d28000 	C:\WINDOWS\System32\PSAPI.DLL
0x00007ffdc08c0000 - 0x00007ffdc08f3000 	C:\WINDOWS\SYSTEM32\WINMM.dll
0x00007ffdbfe60000 - 0x00007ffdbfe69000 	C:\WINDOWS\SYSTEM32\WSOCK32.dll
0x00007ffdc6b50000 - 0x00007ffdc6bbf000 	C:\WINDOWS\System32\WS2_32.dll
0x00007ffdc5390000 - 0x00007ffdc53a8000 	C:\WINDOWS\SYSTEM32\kernel.appcore.dll
0x00007ffdbf790000 - 0x00007ffdbf79a000 	C:\Program Files\Java\jdk-18\bin\jimage.dll
0x00007ffdc34f0000 - 0x00007ffdc3711000 	C:\WINDOWS\SYSTEM32\DBGHELP.DLL
0x00007ffdc0d70000 - 0x00007ffdc0da1000 	C:\WINDOWS\SYSTEM32\dbgcore.DLL
0x00007ffdc6ad0000 - 0x00007ffdc6b4f000 	C:\WINDOWS\System32\bcryptPrimitives.dll
0x00007ffda4a30000 - 0x00007ffda4a55000 	C:\Program Files\Java\jdk-18\bin\java.dll
0x00007ffd7e1c0000 - 0x00007ffd7e296000 	C:\Program Files\Java\jdk-18\bin\jsvml.dll
0x00007ffdc84c0000 - 0x00007ffdc8c78000 	C:\WINDOWS\System32\SHELL32.dll
0x00007ffdc4320000 - 0x00007ffdc4b88000 	C:\WINDOWS\SYSTEM32\windows.storage.dll
0x00007ffdc6d30000 - 0x00007ffdc70a9000 	C:\WINDOWS\System32\combase.dll
0x00007ffdc41b0000 - 0x00007ffdc4316000 	C:\WINDOWS\SYSTEM32\wintypes.dll
0x00007ffdc7d20000 - 0x00007ffdc7e0a000 	C:\WINDOWS\System32\SHCORE.dll
0x00007ffdc8050000 - 0x00007ffdc80ad000 	C:\WINDOWS\System32\shlwapi.dll
0x00007ffdc60d0000 - 0x00007ffdc60f1000 	C:\WINDOWS\SYSTEM32\profapi.dll
0x00007ffdbec20000 - 0x00007ffdbec33000 	C:\Program Files\Java\jdk-18\bin\net.dll
0x00007ffdc10a0000 - 0x00007ffdc11ac000 	C:\WINDOWS\SYSTEM32\WINHTTP.dll
0x00007ffdc57c0000 - 0x00007ffdc5827000 	C:\WINDOWS\system32\mswsock.dll
0x00007ffdbe450000 - 0x00007ffdbe466000 	C:\Program Files\Java\jdk-18\bin\nio.dll
0x00007ffdbd6e0000 - 0x00007ffdbd6f8000 	C:\Program Files\Java\jdk-18\bin\zip.dll
0x00007ffdc4f30000 - 0x00007ffdc5018000 	C:\WINDOWS\SYSTEM32\DNSAPI.dll
0x00007ffdc4ec0000 - 0x00007ffdc4eed000 	C:\WINDOWS\SYSTEM32\IPHLPAPI.DLL
0x00007ffdc7d10000 - 0x00007ffdc7d19000 	C:\WINDOWS\System32\NSI.dll
0x00007ffdbde20000 - 0x00007ffdbde2a000 	C:\Windows\System32\rasadhlp.dll
0x00007ffdbfab0000 - 0x00007ffdbfb31000 	C:\WINDOWS\System32\fwpuclnt.dll
0x00007ffdbedd0000 - 0x00007ffdbedde000 	C:\Program Files\Java\jdk-18\bin\sunmscapi.dll
0x00007ffdc66e0000 - 0x00007ffdc6842000 	C:\WINDOWS\System32\CRYPT32.dll
0x00007ffdc5b50000 - 0x00007ffdc5b78000 	C:\WINDOWS\SYSTEM32\ncrypt.dll
0x00007ffdc5b10000 - 0x00007ffdc5b47000 	C:\WINDOWS\SYSTEM32\NTASN1.dll
0x00007ffdc5a00000 - 0x00007ffdc5a18000 	C:\WINDOWS\SYSTEM32\CRYPTSP.dll
0x00007ffdc52f0000 - 0x00007ffdc5325000 	C:\WINDOWS\system32\rsaenh.dll
0x00007ffdc58b0000 - 0x00007ffdc58d9000 	C:\WINDOWS\SYSTEM32\USERENV.dll
0x00007ffdc5b80000 - 0x00007ffdc5ba7000 	C:\WINDOWS\SYSTEM32\bcrypt.dll
0x00007ffdc5a20000 - 0x00007ffdc5a2c000 	C:\WINDOWS\SYSTEM32\CRYPTBASE.dll
0x00007ffdc0ef0000 - 0x00007ffdc0f09000 	C:\WINDOWS\SYSTEM32\dhcpcsvc6.DLL
0x00007ffdc16f0000 - 0x00007ffdc170e000 	C:\WINDOWS\SYSTEM32\dhcpcsvc.DLL

dbghelp: loaded successfully - version: 4.0.5 - missing functions: none
symbol engine: initialized successfully - sym options: 0x614 - pdb path: .;C:\Program Files\Java\jdk-18\bin;C:\WINDOWS\SYSTEM32;C:\WINDOWS\WinSxS\amd64_microsoft.windows.common-controls_6595b64144ccf1df_6.0.22000.120_none_9d947278b86cc467;C:\Program Files\Java\jdk-18\bin\server

VM Arguments:
jvm_args: -ea -Dfile.encoding=UTF-8 -XX:+ShowCodeDetailsInExceptionMessages 
java_command: org.testng.remote.RemoteTestNG -serport 62440 -protocol json -d C:\Users\deniz\eclipse-workspace\PlaywrightPOMSeries\test-output C:\Users\deniz\AppData\Local\Temp\testng-eclipse--1174677671\testng-customsuite.xml
java_class_path (initial): C:\Users\deniz\eclipse\java-2022-03\eclipse\configuration\org.eclipse.osgi\432\0\.cp\lib\testng-remote.jar;C:\Users\deniz\eclipse-workspace\PlaywrightPOMSeries\target\test-classes;C:\Users\deniz\eclipse-workspace\PlaywrightPOMSeries\target\classes;C:\Users\deniz\.m2\repository\com\microsoft\playwright\playwright\1.21.0\playwright-1.21.0.jar;C:\Users\deniz\.m2\repository\com\google\code\gson\gson\2.8.6\gson-2.8.6.jar;C:\Users\deniz\.m2\repository\org\opentest4j\opentest4j\1.2.0\opentest4j-1.2.0.jar;C:\Users\deniz\.m2\repository\com\microsoft\playwright\driver\1.21.0\driver-1.21.0.jar;C:\Users\deniz\.m2\repository\com\microsoft\playwright\driver-bundle\1.21.0\driver-bundle-1.21.0.jar;C:\Users\deniz\.m2\repository\org\testng\testng\6.14.3\testng-6.14.3.jar;C:\Users\deniz\.m2\repository\com\beust\jcommander\1.72\jcommander-1.72.jar;C:\Users\deniz\.m2\repository\org\apache-extras\beanshell\bsh\2.0b6\bsh-2.0b6.jar
Launcher Type: SUN_STANDARD

[Global flags]
     intx CICompilerCount                          = 4                                         {product} {ergonomic}
     uint ConcGCThreads                            = 2                                         {product} {ergonomic}
     uint G1ConcRefinementThreads                  = 8                                         {product} {ergonomic}
   size_t G1HeapRegionSize                         = 1048576                                   {product} {ergonomic}
    uintx GCDrainStackTargetSize                   = 64                                        {product} {ergonomic}
   size_t InitialHeapSize                          = 132120576                                 {product} {ergonomic}
   size_t MarkStackSize                            = 4194304                                   {product} {ergonomic}
   size_t MaxHeapSize                              = 2099249152                                {product} {ergonomic}
   size_t MaxNewSize                               = 1259339776                                {product} {ergonomic}
   size_t MinHeapDeltaBytes                        = 1048576                                   {product} {ergonomic}
   size_t MinHeapSize                              = 8388608                                   {product} {ergonomic}
    uintx NonNMethodCodeHeapSize                   = 5839372                                {pd product} {ergonomic}
    uintx NonProfiledCodeHeapSize                  = 122909434                              {pd product} {ergonomic}
    uintx ProfiledCodeHeapSize                     = 122909434                              {pd product} {ergonomic}
    uintx ReservedCodeCacheSize                    = 251658240                              {pd product} {ergonomic}
     bool SegmentedCodeCache                       = true                                      {product} {ergonomic}
     bool ShowCodeDetailsInExceptionMessages       = true                                   {manageable} {command line}
   size_t SoftMaxHeapSize                          = 2099249152                             {manageable} {ergonomic}
     bool UseCompressedClassPointers               = true                           {product lp64_product} {ergonomic}
     bool UseCompressedOops                        = true                           {product lp64_product} {ergonomic}
     bool UseG1GC                                  = true                                      {product} {ergonomic}
     bool UseLargePagesIndividualAllocation        = false                                  {pd product} {ergonomic}

Logging:
Log output configuration:
 #0: stdout all=warning uptime,level,tags foldmultilines=false
 #1: stderr all=off uptime,level,tags foldmultilines=false

Environment Variables:
JAVA_HOME=C:\Program Files\Java\openjdk-11.0.2_windows-x64_bin\jdk-11.0.2
PATH=C:/Program Files/Java/jdk-18/bin/server;C:/Program Files/Java/jdk-18/bin;C:\Program Files\Common Files\Oracle\Java\javapath;C:\Program Files (x86)\Common Files\Oracle\Java\javapath;C:\WINDOWS\system32;C:\WINDOWS;C:\WINDOWS\System32\Wbem;C:\WINDOWS\System32\WindowsPowerShell\v1.0\;C:\WINDOWS\System32\OpenSSH\;C:\Program Files\Git\cmd;C:\Program Files\Java\openjdk-11.0.2_windows-x64_bin\jdk-11.0.2\bin;C:\Program Files\apache-maven\apache-maven-3.6.3\bin;C:Python27;C:\Python27\Scripts;C:\Users\deniz\AppData\Roaming\npm;C:\Program Files\nodejs\;C:\Users\deniz\AppData\Roaming\npm;C:\webdrivers;C:\Users\deniz\AppData\Local\Programs\Python\Python39;C:\Users\deniz\AppData\Local\Programs\Python\Python39\Scripts;C:\Program Files\PuTTY\;C:\Program Files\Amazon\AWSCLIV2\;C:\Users\deniz\AppData\Local\Android\Sdk\tools\bin;C:\Users\deniz\AppData\Local\Android\Sdk\tools;C:\Users\deniz\AppData\Local\Android\Sdk\platform-tools;C:\Program Files\nodejs\node_modules\npm\bin;C:\Users\deniz\AppData\Local\Programs\Python\Python39\Scripts\;C:\Users\deniz\AppData\Local\Programs\Python\Python39\;C:\Users\deniz\AppData\Local\Programs\Python\Python38-32\Scripts\;C:\Users\deniz\AppData\Local\Programs\Python\Python38-32\;C:\Users\deniz\AppData\Local\Microsoft\WindowsApps;C:\Users\deniz\AppData\Local\GitHubDesktop\bin;C:\Users\deniz\AppData\Local\Programs\Microsoft VS Code\bin;C:\Users\deniz\AppData\Roaming\npm;C:\Users\deniz\AppData\Local\gitkraken\bin;%USERPROFILE%\AppData\Local\Microsoft\WindowsApps;;C:\WINDOWS\system32;
USERNAME=deniz
OS=Windows_NT
PROCESSOR_IDENTIFIER=Intel64 Family 6 Model 142 Stepping 11, GenuineIntel



---------------  S Y S T E M  ---------------

OS:
 Windows 11 , 64 bit Build 22000 (10.0.22000.708)
OS uptime: 20 days 20:03 hours

CPU: total 8 (initial active 8) (4 cores per cpu, 2 threads per core) family 6 model 142 stepping 11 microcode 0xde, cx8, cmov, fxsr, ht, mmx, 3dnowpref, sse, sse2, sse3, ssse3, sse4.1, sse4.2, popcnt, lzcnt, tsc, tscinvbit, avx, avx2, aes, erms, clmul, bmi1, bmi2, adx, fma, vzeroupper, clflush, clflushopt

Memory: 4k page, system-wide physical 8005M (339M free)
TotalPageFile size 32581M (AvailPageFile size 6M)
current process WorkingSet (physical memory assigned to process): 105M, peak: 106M
current process commit charge ("private bytes"): 241M, peak: 242M

vm_info: Java HotSpot(TM) 64-Bit Server VM (18+36-2087) for windows-amd64 JRE (18+36-2087), built on Feb 15 2022 09:43:11 by "mach5one" with MS VC++ 16.8 / 16.9 (VS2019)

END.
